2019-09-20 08:19:32,975 ERROR 31667 nodejs.ClusterClientNoResponseError: client no response in 3612729ms exceeding maxIdleTime 60000ms, maybe the connection is close on other side.
    at Timeout.Leader._heartbeatTimer.setInterval [as _onTimeout] (/Users/gss/myEgg/node_modules/cluster-client/lib/leader.js:77:23)
    at ontimeout (timers.js:475:11)
    at tryOnTimeout (timers.js:310:5)
    at Timer.listOnTimeout (timers.js:270:5)
name: "ClusterClientNoResponseError"
pid: 31667
hostname: gssdeiMac.local

2019-09-20 10:05:06,600 ERROR 31667 nodejs.ClusterClientNoResponseError: client no response in 6293615ms exceeding maxIdleTime 60000ms, maybe the connection is close on other side.
    at Timeout.Leader._heartbeatTimer.setInterval [as _onTimeout] (/Users/gss/myEgg/node_modules/cluster-client/lib/leader.js:77:23)
    at ontimeout (timers.js:475:11)
    at tryOnTimeout (timers.js:310:5)
    at Timer.listOnTimeout (timers.js:270:5)
name: "ClusterClientNoResponseError"
pid: 31667
hostname: gssdeiMac.local

2019-09-20 10:38:45,633 ERROR 34464 [-/127.0.0.1/-/20ms GET /home_list] nodejs.ReferenceError: match is not defined
    at robotMiddleware (/Users/gss/myEgg/app/middleware/robot.js:4:23)
    at dispatch (/Users/gss/myEgg/node_modules/koa/node_modules/koa-compose/index.js:42:32)
    at /Users/gss/myEgg/node_modules/egg-development/app/middleware/egg_loader_trace.js:9:56
    at dispatch (/Users/gss/myEgg/node_modules/koa/node_modules/koa-compose/index.js:42:32)
    at i18n (/Users/gss/myEgg/node_modules/egg-i18n/app/middleware/i18n.js:13:12)
    at dispatch (/Users/gss/myEgg/node_modules/koa/node_modules/koa-compose/index.js:42:32)
    at dispatch (/Users/gss/myEgg/node_modules/egg-security/node_modules/koa-compose/index.js:42:32)
    at dta (/Users/gss/myEgg/node_modules/egg-security/lib/middlewares/dta.js:12:12)
    at dispatch (/Users/gss/myEgg/node_modules/egg-security/node_modules/koa-compose/index.js:42:32)
    at xframe (/Users/gss/myEgg/node_modules/egg-security/lib/middlewares/xframe.js:7:11)

pid: 34464
hostname: gssdeiMac.local

